[line:83] 2019-10-16 20:18:33,040 INFO 还未注册，请先注册。
[line:70] 2019-10-16 20:18:47,870 INFO 注册成功
[line:88] 2019-10-16 20:19:12,671 INFO 登录成功！
[line:135] 2019-10-16 20:19:39,848 INFO 增加成功
[line:164] 2019-10-16 20:19:42,807 INFO 查询到记录。
[line:179] 2019-10-16 20:19:46,719 INFO 保存成功
[line:88] 2019-10-16 20:20:15,761 INFO 登录成功！
[line:164] 2019-10-16 20:20:15,761 INFO 查询到记录。
[line:50] 2019-10-16 20:20:15,762 INFO 加载成功
[line:164] 2019-10-16 20:20:22,942 INFO 查询到记录。
[line:135] 2019-10-16 20:20:58,879 INFO 增加成功
[line:164] 2019-10-16 20:21:01,767 INFO 查询到记录。
[line:179] 2019-10-16 20:21:08,902 INFO 保存成功
[line:93] 2019-10-16 20:21:23,326 WARNING 用户名或密码错误，请重试！
[line:88] 2019-10-16 20:21:32,520 INFO 登录成功！
[line:164] 2019-10-16 20:21:32,520 INFO 查询到记录。
[line:50] 2019-10-16 20:21:32,520 INFO 加载成功
[line:88] 2019-10-19 09:56:05,992 INFO 登录成功！
[line:164] 2019-10-19 09:56:06,010 INFO 查询到记录。
[line:50] 2019-10-19 09:56:06,010 INFO 加载成功
[line:135] 2019-10-19 09:56:42,480 INFO 增加成功
[line:164] 2019-10-19 09:56:45,208 INFO 查询到记录。
[line:144] 2019-10-19 09:57:10,673 WARNING 成功删除记录。
[line:164] 2019-10-19 09:57:12,896 INFO 查询到记录。
[line:94] 2019-10-19 10:12:40,088 WARNING 用户名或密码错误，请重试！
[line:89] 2019-10-19 10:12:47,465 INFO 登录成功！
[line:170] 2019-10-19 10:12:47,466 INFO 查询到记录。
[line:51] 2019-10-19 10:12:47,466 INFO 加载成功
[line:89] 2019-10-19 10:26:20,502 INFO 登录成功！
[line:170] 2019-10-19 10:26:20,502 INFO 查询到记录。
[line:51] 2019-10-19 10:26:20,502 INFO 加载成功
[line:89] 2019-10-19 10:29:59,056 INFO 登录成功！
[line:171] 2019-10-19 10:29:59,056 INFO 查询到记录。
[line:51] 2019-10-19 10:29:59,057 INFO 加载成功
[line:89] 2019-10-19 10:30:45,152 INFO 登录成功！
[line:171] 2019-10-19 10:30:45,153 INFO 查询到记录。
[line:51] 2019-10-19 10:30:45,154 INFO 加载成功
[line:104] 2019-10-19 10:30:47,459 INFO 导出成功！
[line:89] 2019-10-19 10:52:19,142 INFO 登录成功！
[line:171] 2019-10-19 10:52:19,143 INFO 查询到记录。
[line:51] 2019-10-19 10:52:19,143 INFO 加载成功
[line:104] 2019-10-19 10:52:22,063 INFO 导出成功！
[line:71] 2019-10-19 10:53:18,848 INFO 注册成功
[line:89] 2019-10-19 10:53:33,647 INFO 登录成功！
[line:142] 2019-10-19 10:53:50,984 INFO 增加成功
[line:171] 2019-10-19 10:54:01,455 INFO 查询到记录。
[line:89] 2019-10-19 10:54:45,408 INFO 登录成功！
[line:142] 2019-10-19 10:55:13,854 INFO 增加成功
[line:186] 2019-10-19 10:55:16,238 INFO 保存成功
[line:171] 2019-10-19 10:55:31,814 INFO 查询到记录。
[line:88] 2019-10-19 11:21:48,639 INFO 登录成功！
[line:88] 2019-10-19 11:33:00,189 INFO 登录成功！
[line:168] 2019-10-19 11:33:00,190 INFO 查询到记录。
[line:50] 2019-10-19 11:33:00,191 INFO 加载成功
[line:168] 2019-10-19 11:33:17,069 INFO 查询到记录。
[line:89] 2019-10-19 14:34:56,234 INFO 登录成功！
[line:169] 2019-10-19 14:34:56,234 INFO 查询到记录。
[line:50] 2019-10-19 14:34:56,234 INFO 加载成功
[line:149] 2019-10-19 14:35:19,900 WARNING 成功删除记录。
[line:184] 2019-10-19 14:35:25,101 INFO 保存成功
[line:169] 2019-10-19 14:35:27,188 INFO 查询到记录。
[line:149] 2019-10-19 14:35:41,336 WARNING 成功删除记录。
[line:140] 2019-10-19 14:37:09,532 INFO 增加成功
[line:140] 2019-10-19 14:37:43,845 INFO 增加成功
[line:169] 2019-10-19 14:37:45,381 INFO 查询到记录。
[line:184] 2019-10-19 14:37:52,069 INFO 保存成功
[line:83] 2019-10-19 14:38:08,012 INFO 还未注册，请先注册。
[line:83] 2019-10-19 14:50:24,243 INFO 还未注册，请先注册。
[line:88] 2019-10-19 14:53:34,844 INFO 登录成功！
[line:169] 2019-10-19 14:53:34,845 INFO 查询到记录。
[line:50] 2019-10-19 14:53:34,845 INFO 加载成功
[line:88] 2019-10-19 14:54:23,088 INFO 登录成功！
[line:169] 2019-10-19 14:54:23,088 INFO 查询到记录。
[line:50] 2019-10-19 14:54:23,088 INFO 加载成功
[line:169] 2019-10-19 14:54:30,059 INFO 查询到记录。
[line:88] 2019-10-19 14:54:44,667 INFO 登录成功！
[line:169] 2019-10-19 14:54:44,668 INFO 查询到记录。
[line:50] 2019-10-19 14:54:44,669 INFO 加载成功
[line:169] 2019-10-19 14:54:48,308 INFO 查询到记录。
